{
  "RSpec": {
    "coverage": {
      "/home/davidmontoya/Documents/personal-practices/mercately_e_commerce/app/helpers/application_helper.rb": {
        "lines": [
          1,
          null
        ]
      },
      "/home/davidmontoya/Documents/personal-practices/mercately_e_commerce/app/helpers/v1/items_helper.rb": {
        "lines": [
          1,
          null
        ]
      },
      "/home/davidmontoya/Documents/personal-practices/mercately_e_commerce/app/helpers/v1/orders_helper.rb": {
        "lines": [
          1,
          null
        ]
      },
      "/home/davidmontoya/Documents/personal-practices/mercately_e_commerce/app/controllers/v1/items_controller.rb": {
        "lines": [
          1,
          1,
          1,
          1,
          null,
          1,
          2,
          null,
          2,
          1,
          null,
          1,
          null,
          null,
          null,
          1,
          null,
          1,
          0,
          null,
          null,
          1,
          1,
          null,
          null,
          1,
          null,
          0,
          null,
          null,
          null
        ]
      },
      "/home/davidmontoya/Documents/personal-practices/mercately_e_commerce/app/controllers/application_controller.rb": {
        "lines": [
          1,
          null
        ]
      },
      "/home/davidmontoya/Documents/personal-practices/mercately_e_commerce/app/controllers/v1/orders_controller.rb": {
        "lines": [
          1,
          1,
          1,
          null,
          null,
          1,
          1,
          null,
          null,
          1,
          null,
          2,
          null,
          2,
          1,
          null,
          1,
          null,
          null,
          null,
          1,
          3,
          null,
          3,
          1,
          2,
          1,
          null,
          1,
          null,
          null,
          null,
          1,
          null,
          1,
          0,
          null,
          null,
          1,
          1,
          null,
          null,
          1,
          1,
          null,
          null,
          1,
          2,
          null,
          null,
          1,
          3,
          null,
          null
        ]
      },
      "/home/davidmontoya/Documents/personal-practices/mercately_e_commerce/app/models/item.rb": {
        "lines": [
          1,
          1,
          null,
          1,
          1,
          null,
          1,
          1,
          null
        ]
      },
      "/home/davidmontoya/Documents/personal-practices/mercately_e_commerce/app/models/application_record.rb": {
        "lines": [
          1,
          1,
          null
        ]
      },
      "/home/davidmontoya/Documents/personal-practices/mercately_e_commerce/app/models/order.rb": {
        "lines": [
          1,
          1,
          null,
          1,
          1,
          null,
          1,
          1,
          null,
          1,
          2,
          2,
          2,
          null,
          null,
          2,
          null,
          null
        ]
      },
      "/home/davidmontoya/Documents/personal-practices/mercately_e_commerce/app/services/v1/item/index.rb": {
        "lines": [
          1,
          1,
          1,
          0,
          null,
          null,
          1,
          null,
          1,
          0,
          null,
          null,
          null
        ]
      },
      "/home/davidmontoya/Documents/personal-practices/mercately_e_commerce/app/services/application_service.rb": {
        "lines": [
          1,
          1,
          0,
          null,
          null
        ]
      },
      "/home/davidmontoya/Documents/personal-practices/mercately_e_commerce/app/services/v1/order/index.rb": {
        "lines": [
          1,
          1,
          1,
          0,
          null,
          null,
          1,
          null,
          1,
          0,
          null,
          null,
          null
        ]
      },
      "/home/davidmontoya/Documents/personal-practices/mercately_e_commerce/app/services/v1/order/show.rb": {
        "lines": [
          1,
          1,
          1,
          null,
          1,
          0,
          null,
          null,
          1,
          0,
          null,
          null,
          1,
          null,
          1,
          0,
          null,
          null,
          null
        ]
      },
      "/home/davidmontoya/Documents/personal-practices/mercately_e_commerce/app/services/v1/order/create.rb": {
        "lines": [
          1,
          1,
          1,
          null,
          1,
          0,
          null,
          null,
          1,
          0,
          null,
          null,
          1,
          null,
          1,
          0,
          0,
          null,
          0,
          0,
          0,
          null,
          0,
          null,
          0,
          null,
          null,
          0,
          null,
          0,
          null,
          0,
          null,
          null,
          null,
          1,
          0,
          null,
          null,
          null,
          1,
          0,
          0,
          0,
          null,
          null,
          null,
          null,
          null,
          null,
          null
        ]
      },
      "/home/davidmontoya/Documents/personal-practices/mercately_e_commerce/app/services/v1/order/destroy.rb": {
        "lines": [
          1,
          1,
          1,
          null,
          1,
          0,
          null,
          null,
          1,
          0,
          null,
          null,
          1,
          null,
          1,
          0,
          0,
          0,
          null,
          0,
          null,
          null,
          0,
          null,
          null,
          null
        ]
      },
      "/home/davidmontoya/Documents/personal-practices/mercately_e_commerce/app/models/order_item.rb": {
        "lines": [
          1,
          1,
          1,
          null,
          1,
          null
        ]
      }
    },
    "timestamp": 1720583599
  }
}
